<?xml version="1.0" encoding="UTF-8" ?>
<testsuite tests="1" failures="0" name="com.andresescobar.DroolsDynamicRules.BookTemplateTest" time="2.964" errors="1" skipped="0">
  <properties>
[...]
</properties>
  <testcase classname="com.andresescobar.DroolsDynamicRules.BookTemplateTest" name="testSimpleBook" time="2.964">
    <error message="Error while creating KieBase[Message [id=1, kieBase=bookKieBase, level=ERROR, path=C:\Users\aescobac\Desktop\09-JPBM\Produccion\DroolsDynamicRules\target\classes\BookData.xls, line=4, column=0
   text=Rule Compilation error price cannot be resolved to a variable
book cannot be resolved or is not a field]]" type="java.lang.RuntimeException">java.lang.RuntimeException: Error while creating KieBase[Message [id=1, kieBase=bookKieBase, level=ERROR, path=C:\Users\aescobac\Desktop\09-JPBM\Produccion\DroolsDynamicRules\target\classes\BookData.xls, line=4, column=0
   text=Rule Compilation error price cannot be resolved to a variable
book cannot be resolved or is not a field]]
	at org.drools.compiler.kie.builder.impl.KieContainerImpl.getKieBase(KieContainerImpl.java:377)
	at com.andresescobar.DroolsDynamicRules.BookTemplateTest.init(BookTemplateTest.java:21)
	at sun.reflect.NativeMethodAccessorImpl.invoke0(Native Method)
	at sun.reflect.NativeMethodAccessorImpl.invoke(NativeMethodAccessorImpl.java:62)
	at sun.reflect.DelegatingMethodAccessorImpl.invoke(DelegatingMethodAccessorImpl.java:43)
	at java.lang.reflect.Method.invoke(Method.java:498)
	at org.junit.runners.model.FrameworkMethod$1.runReflectiveCall(FrameworkMethod.java:47)
	at org.junit.internal.runners.model.ReflectiveCallable.run(ReflectiveCallable.java:12)
	at org.junit.runners.model.FrameworkMethod.invokeExplosively(FrameworkMethod.java:44)
	at org.junit.internal.runners.statements.RunBefores.evaluate(RunBefores.java:24)
	at org.junit.runners.ParentRunner.runLeaf(ParentRunner.java:271)
	at org.junit.runners.BlockJUnit4ClassRunner.runChild(BlockJUnit4ClassRunner.java:70)
	at org.junit.runners.BlockJUnit4ClassRunner.runChild(BlockJUnit4ClassRunner.java:50)
	at org.junit.runners.ParentRunner$3.run(ParentRunner.java:238)
	at org.junit.runners.ParentRunner$1.schedule(ParentRunner.java:63)
	at org.junit.runners.ParentRunner.runChildren(ParentRunner.java:236)
	at org.junit.runners.ParentRunner.access$000(ParentRunner.java:53)
	at org.junit.runners.ParentRunner$2.evaluate(ParentRunner.java:229)
	at org.junit.runners.ParentRunner.run(ParentRunner.java:309)
	at org.apache.maven.surefire.junit4.JUnit4Provider.execute(JUnit4Provider.java:252)
	at org.apache.maven.surefire.junit4.JUnit4Provider.executeTestSet(JUnit4Provider.java:141)
	at org.apache.maven.surefire.junit4.JUnit4Provider.invoke(JUnit4Provider.java:112)
	at sun.reflect.NativeMethodAccessorImpl.invoke0(Native Method)
	at sun.reflect.NativeMethodAccessorImpl.invoke(NativeMethodAccessorImpl.java:62)
	at sun.reflect.DelegatingMethodAccessorImpl.invoke(DelegatingMethodAccessorImpl.java:43)
	at java.lang.reflect.Method.invoke(Method.java:498)
	at org.apache.maven.surefire.util.ReflectionUtils.invokeMethodWithArray(ReflectionUtils.java:189)
	at org.apache.maven.surefire.booter.ProviderFactory$ProviderProxy.invoke(ProviderFactory.java:165)
	at org.apache.maven.surefire.booter.ProviderFactory.invokeProvider(ProviderFactory.java:85)
	at org.apache.maven.surefire.booter.ForkedBooter.runSuitesInProcess(ForkedBooter.java:115)
	at org.apache.maven.surefire.booter.ForkedBooter.main(ForkedBooter.java:75)
</error>
    <system-out>11:01:31.902 [main] DEBUG o.k.a.i.utils.ServiceDiscoveryImpl - Loading kie.conf from  jar:file:/C:/Users/aescobac/.m2/repository/org/drools/drools-decisiontables/7.25.0.Final/drools-decisiontables-7.25.0.Final.jar!/META-INF/kie.conf in classloader sun.misc.Launcher$AppClassLoader@6bc7c054
11:01:31.917 [main] INFO  o.k.a.i.utils.ServiceDiscoveryImpl - Adding Service org.drools.decisiontable.DecisionTableProviderImpl

11:01:31.930 [main] DEBUG o.k.a.i.utils.ServiceDiscoveryImpl - Loading kie.conf from  jar:file:/C:/Users/aescobac/.m2/repository/org/drools/drools-core/7.25.0.Final/drools-core-7.25.0.Final.jar!/META-INF/kie.conf in classloader sun.misc.Launcher$AppClassLoader@6bc7c054
11:01:31.937 [main] INFO  o.k.a.i.utils.ServiceDiscoveryImpl - Adding Service org.drools.core.io.impl.ResourceFactoryServiceImpl

11:01:31.942 [main] INFO  o.k.a.i.utils.ServiceDiscoveryImpl - Adding Service org.drools.core.marshalling.impl.MarshallerProviderImpl

11:01:31.945 [main] INFO  o.k.a.i.utils.ServiceDiscoveryImpl - Adding Service org.drools.core.concurrent.ExecutorProviderImpl

11:01:31.947 [main] DEBUG o.k.a.i.utils.ServiceDiscoveryImpl - Loading kie.conf from  jar:file:/C:/Users/aescobac/.m2/repository/org/kie/kie-internal/7.25.0.Final/kie-internal-7.25.0.Final.jar!/META-INF/kie.conf in classloader sun.misc.Launcher$AppClassLoader@6bc7c054
11:01:31.953 [main] INFO  o.k.a.i.utils.ServiceDiscoveryImpl - Adding Service org.kie.internal.services.KieAssemblersImpl

11:01:31.955 [main] INFO  o.k.a.i.utils.ServiceDiscoveryImpl - Adding Service org.kie.internal.services.KieRuntimesImpl

11:01:31.956 [main] INFO  o.k.a.i.utils.ServiceDiscoveryImpl - Adding Service org.kie.internal.services.KieWeaversImpl

11:01:31.958 [main] INFO  o.k.a.i.utils.ServiceDiscoveryImpl - Adding Service org.kie.internal.services.KieBeliefsImpl

11:01:31.959 [main] DEBUG o.k.a.i.utils.ServiceDiscoveryImpl - Loading kie.conf from  jar:file:/C:/Users/aescobac/.m2/repository/org/drools/drools-compiler/7.25.0.Final/drools-compiler-7.25.0.Final.jar!/META-INF/kie.conf in classloader sun.misc.Launcher$AppClassLoader@6bc7c054
11:01:31.976 [main] INFO  o.k.a.i.utils.ServiceDiscoveryImpl - Adding Service org.drools.compiler.kie.builder.impl.KieServicesImpl

11:01:31.981 [main] INFO  o.k.a.i.utils.ServiceDiscoveryImpl - Adding Service org.drools.compiler.builder.impl.KnowledgeBuilderFactoryServiceImpl

11:01:32.471 [main] INFO  o.d.c.k.b.impl.ClasspathKieProject - Found kmodule: file:/C:/Users/aescobac/Desktop/09-JPBM/Produccion/DroolsDynamicRules/target/classes/META-INF/kmodule.xml
11:01:32.473 [main] DEBUG o.d.c.k.b.impl.ClasspathKieProject - KieModule URL type=file url=/C:/Users/aescobac/Desktop/09-JPBM/Produccion/DroolsDynamicRules/target/classes
11:01:32.829 [main] DEBUG o.d.c.k.b.impl.ClasspathKieProject - Found and used pom.properties C:\Users\aescobac\Desktop\09-JPBM\Produccion\DroolsDynamicRules\target\classes\META-INF\maven\com.andresescobar\DroolsDynamicRules\pom.properties
11:01:32.835 [main] DEBUG o.d.c.k.b.impl.ClasspathKieProject - Discovered classpath module com.andresescobar:DroolsDynamicRules:0.0.1-SNAPSHOT
11:01:32.839 [main] INFO  o.d.c.k.b.impl.KieRepositoryImpl - KieModule was added: FileKieModule[releaseId=com.andresescobar:DroolsDynamicRules:0.0.1-SNAPSHOT,file=C:\Users\aescobac\Desktop\09-JPBM\Produccion\DroolsDynamicRules\target\classes]
11:01:34.385 [main] DEBUG org.drools.core.common.DefaultAgenda - State was INACTIVE is now FIRING_ALL_RULES
11:01:34.430 [main] DEBUG org.drools.core.common.DefaultAgenda - State was FIRING_ALL_RULES is now HALTING
11:01:34.430 [main] DEBUG org.drools.core.common.DefaultAgenda - State was HALTING is now INACTIVE
11:01:34.430 [main] DEBUG org.drools.core.common.DefaultAgenda - State was INACTIVE is now DISPOSED
11:01:34.576 [main] ERROR o.d.c.kie.builder.impl.KieProject - Unable to build KieBaseModel:bookKieBase
Rule Compilation error : [Rule name=&apos;Set the Price from Book Name 1&apos;]
	com/andresescobar/DroolsDynamicRules/Rule_Set_the_Price_from_Book_Name_1821425962.java (7:590) : price cannot be resolved to a variable
	com/andresescobar/DroolsDynamicRules/Rule_Set_the_Price_from_Book_Name_1821425962.java (8:694) : book cannot be resolved or is not a field


</system-out>
  </testcase>
</testsuite>