<?xml version="1.0" encoding="UTF-8" ?>
<testsuite tests="1" failures="0" name="com.andresescobar.DroolsDynamicRules.BookTemplateTest" time="3.18" errors="1" skipped="0">
  <properties>
[...]
</properties>
  <testcase classname="com.andresescobar.DroolsDynamicRules.BookTemplateTest" name="testSimpleBook" time="3.18">
    <error type="java.lang.NullPointerException">java.lang.NullPointerException
	at org.drools.decisiontable.parser.DefaultRuleSheetListener.flushRule(DefaultRuleSheetListener.java:307)
	at org.drools.decisiontable.parser.DefaultRuleSheetListener.finishSheet(DefaultRuleSheetListener.java:287)
	at org.drools.decisiontable.parser.csv.CsvParser.finishSheet(CsvParser.java:91)
	at org.drools.decisiontable.parser.csv.CsvParser.parseFile(CsvParser.java:67)
	at org.drools.decisiontable.SpreadsheetCompiler.compile(SpreadsheetCompiler.java:113)
	at org.drools.decisiontable.SpreadsheetCompiler.compile(SpreadsheetCompiler.java:86)
	at org.drools.decisiontable.DecisionTableProviderImpl.compileResource(DecisionTableProviderImpl.java:81)
	at org.drools.decisiontable.DecisionTableProviderImpl.loadFromResource(DecisionTableProviderImpl.java:42)
	at org.drools.compiler.compiler.DecisionTableFactory.loadFromResource(DecisionTableFactory.java:36)
	at org.drools.compiler.builder.impl.KnowledgeBuilderImpl.decisionTableToPackageDescr(KnowledgeBuilderImpl.java:411)
	at org.drools.compiler.builder.impl.CompositeKnowledgeBuilderImpl$ResourceToPkgDescrMapper.lambda$static$4(CompositeKnowledgeBuilderImpl.java:327)
	at org.drools.compiler.builder.impl.CompositeKnowledgeBuilderImpl.buildResource(CompositeKnowledgeBuilderImpl.java:199)
	at org.drools.compiler.builder.impl.CompositeKnowledgeBuilderImpl.buildPackageDescr(CompositeKnowledgeBuilderImpl.java:186)
	at org.drools.compiler.builder.impl.CompositeKnowledgeBuilderImpl.build(CompositeKnowledgeBuilderImpl.java:108)
	at org.drools.compiler.builder.impl.CompositeKnowledgeBuilderImpl.build(CompositeKnowledgeBuilderImpl.java:100)
	at org.drools.compiler.kie.builder.impl.AbstractKieProject.buildKnowledgePackages(AbstractKieProject.java:261)
	at org.drools.compiler.kie.builder.impl.AbstractKieModule.buildKnowledgePackages(AbstractKieModule.java:201)
	at org.drools.compiler.kie.builder.impl.AbstractKieModule.createKieBase(AbstractKieModule.java:215)
	at org.drools.compiler.kie.builder.impl.KieContainerImpl.createKieBase(KieContainerImpl.java:406)
	at org.drools.compiler.kie.builder.impl.KieContainerImpl.getKieBase(KieContainerImpl.java:374)
	at com.andresescobar.DroolsDynamicRules.BookTemplateTest.init(BookTemplateTest.java:21)
	at sun.reflect.NativeMethodAccessorImpl.invoke0(Native Method)
	at sun.reflect.NativeMethodAccessorImpl.invoke(NativeMethodAccessorImpl.java:62)
	at sun.reflect.DelegatingMethodAccessorImpl.invoke(DelegatingMethodAccessorImpl.java:43)
	at java.lang.reflect.Method.invoke(Method.java:498)
	at org.junit.runners.model.FrameworkMethod$1.runReflectiveCall(FrameworkMethod.java:47)
	at org.junit.internal.runners.model.ReflectiveCallable.run(ReflectiveCallable.java:12)
	at org.junit.runners.model.FrameworkMethod.invokeExplosively(FrameworkMethod.java:44)
	at org.junit.internal.runners.statements.RunBefores.evaluate(RunBefores.java:24)
	at org.junit.runners.ParentRunner.runLeaf(ParentRunner.java:271)
	at org.junit.runners.BlockJUnit4ClassRunner.runChild(BlockJUnit4ClassRunner.java:70)
	at org.junit.runners.BlockJUnit4ClassRunner.runChild(BlockJUnit4ClassRunner.java:50)
	at org.junit.runners.ParentRunner$3.run(ParentRunner.java:238)
	at org.junit.runners.ParentRunner$1.schedule(ParentRunner.java:63)
	at org.junit.runners.ParentRunner.runChildren(ParentRunner.java:236)
	at org.junit.runners.ParentRunner.access$000(ParentRunner.java:53)
	at org.junit.runners.ParentRunner$2.evaluate(ParentRunner.java:229)
	at org.junit.runners.ParentRunner.run(ParentRunner.java:309)
	at org.apache.maven.surefire.junit4.JUnit4Provider.execute(JUnit4Provider.java:252)
	at org.apache.maven.surefire.junit4.JUnit4Provider.executeTestSet(JUnit4Provider.java:141)
	at org.apache.maven.surefire.junit4.JUnit4Provider.invoke(JUnit4Provider.java:112)
	at sun.reflect.NativeMethodAccessorImpl.invoke0(Native Method)
	at sun.reflect.NativeMethodAccessorImpl.invoke(NativeMethodAccessorImpl.java:62)
	at sun.reflect.DelegatingMethodAccessorImpl.invoke(DelegatingMethodAccessorImpl.java:43)
	at java.lang.reflect.Method.invoke(Method.java:498)
	at org.apache.maven.surefire.util.ReflectionUtils.invokeMethodWithArray(ReflectionUtils.java:189)
	at org.apache.maven.surefire.booter.ProviderFactory$ProviderProxy.invoke(ProviderFactory.java:165)
	at org.apache.maven.surefire.booter.ProviderFactory.invokeProvider(ProviderFactory.java:85)
	at org.apache.maven.surefire.booter.ForkedBooter.runSuitesInProcess(ForkedBooter.java:115)
	at org.apache.maven.surefire.booter.ForkedBooter.main(ForkedBooter.java:75)
</error>
    <system-out>14:36:01.275 [main] DEBUG o.k.a.i.utils.ServiceDiscoveryImpl - Loading kie.conf from  jar:file:/C:/Users/aescobac/.m2/repository/org/drools/drools-decisiontables/7.25.0.Final/drools-decisiontables-7.25.0.Final.jar!/META-INF/kie.conf in classloader sun.misc.Launcher$AppClassLoader@6bc7c054
14:36:01.291 [main] INFO  o.k.a.i.utils.ServiceDiscoveryImpl - Adding Service org.drools.decisiontable.DecisionTableProviderImpl

14:36:01.301 [main] DEBUG o.k.a.i.utils.ServiceDiscoveryImpl - Loading kie.conf from  jar:file:/C:/Users/aescobac/.m2/repository/org/drools/drools-core/7.25.0.Final/drools-core-7.25.0.Final.jar!/META-INF/kie.conf in classloader sun.misc.Launcher$AppClassLoader@6bc7c054
14:36:01.306 [main] INFO  o.k.a.i.utils.ServiceDiscoveryImpl - Adding Service org.drools.core.io.impl.ResourceFactoryServiceImpl

14:36:01.310 [main] INFO  o.k.a.i.utils.ServiceDiscoveryImpl - Adding Service org.drools.core.marshalling.impl.MarshallerProviderImpl

14:36:01.312 [main] INFO  o.k.a.i.utils.ServiceDiscoveryImpl - Adding Service org.drools.core.concurrent.ExecutorProviderImpl

14:36:01.313 [main] DEBUG o.k.a.i.utils.ServiceDiscoveryImpl - Loading kie.conf from  jar:file:/C:/Users/aescobac/.m2/repository/org/kie/kie-internal/7.25.0.Final/kie-internal-7.25.0.Final.jar!/META-INF/kie.conf in classloader sun.misc.Launcher$AppClassLoader@6bc7c054
14:36:01.318 [main] INFO  o.k.a.i.utils.ServiceDiscoveryImpl - Adding Service org.kie.internal.services.KieAssemblersImpl

14:36:01.319 [main] INFO  o.k.a.i.utils.ServiceDiscoveryImpl - Adding Service org.kie.internal.services.KieRuntimesImpl

14:36:01.320 [main] INFO  o.k.a.i.utils.ServiceDiscoveryImpl - Adding Service org.kie.internal.services.KieWeaversImpl

14:36:01.322 [main] INFO  o.k.a.i.utils.ServiceDiscoveryImpl - Adding Service org.kie.internal.services.KieBeliefsImpl

14:36:01.322 [main] DEBUG o.k.a.i.utils.ServiceDiscoveryImpl - Loading kie.conf from  jar:file:/C:/Users/aescobac/.m2/repository/org/drools/drools-compiler/7.25.0.Final/drools-compiler-7.25.0.Final.jar!/META-INF/kie.conf in classloader sun.misc.Launcher$AppClassLoader@6bc7c054
14:36:01.332 [main] INFO  o.k.a.i.utils.ServiceDiscoveryImpl - Adding Service org.drools.compiler.kie.builder.impl.KieServicesImpl

14:36:01.339 [main] INFO  o.k.a.i.utils.ServiceDiscoveryImpl - Adding Service org.drools.compiler.builder.impl.KnowledgeBuilderFactoryServiceImpl

14:36:01.905 [main] INFO  o.d.c.k.b.impl.ClasspathKieProject - Found kmodule: file:/C:/Users/aescobac/Desktop/09-JPBM/Produccion/DroolsDynamicRules/target/classes/META-INF/kmodule.xml
14:36:01.907 [main] DEBUG o.d.c.k.b.impl.ClasspathKieProject - KieModule URL type=file url=/C:/Users/aescobac/Desktop/09-JPBM/Produccion/DroolsDynamicRules/target/classes
14:36:02.271 [main] DEBUG o.d.c.k.b.impl.ClasspathKieProject - Found and used pom.properties C:\Users\aescobac\Desktop\09-JPBM\Produccion\DroolsDynamicRules\target\classes\META-INF\maven\com.andresescobar\DroolsDynamicRules\pom.properties
14:36:02.278 [main] DEBUG o.d.c.k.b.impl.ClasspathKieProject - Discovered classpath module com.andresescobar:DroolsDynamicRules:0.0.1-SNAPSHOT
14:36:02.286 [main] INFO  o.d.c.k.b.impl.KieRepositoryImpl - KieModule was added: FileKieModule[releaseId=com.andresescobar:DroolsDynamicRules:0.0.1-SNAPSHOT,file=C:\Users\aescobac\Desktop\09-JPBM\Produccion\DroolsDynamicRules\target\classes]
14:36:03.792 [main] DEBUG org.drools.core.common.DefaultAgenda - State was INACTIVE is now FIRING_ALL_RULES
14:36:03.860 [main] DEBUG org.drools.core.common.DefaultAgenda - State was FIRING_ALL_RULES is now HALTING
14:36:03.860 [main] DEBUG org.drools.core.common.DefaultAgenda - State was HALTING is now INACTIVE
14:36:03.861 [main] DEBUG org.drools.core.common.DefaultAgenda - State was INACTIVE is now DISPOSED
</system-out>
  </testcase>
</testsuite>